<?xml version="1.0" encoding="UTF-8" ?>
<testsuite errors="1" failures="0" hostname="DESKTOP-3EGDK9G" name="LeanFtTest.test" skipped="0" tests="1" time="0.0" timestamp="2020-02-21T16:24:53">
  <properties>
    <property name="ant.project.invoked-targets" value="runTests" />
    <property name="java.runtime.name" value="Java(TM) SE Runtime Environment" />
    <property name="sun.boot.library.path" value="C:\Program Files\Java\jre1.8.0_221\bin" />
    <property name="java.vm.version" value="25.221-b11" />
    <property name="ant.library.dir" value="C:\Eclipse\eclipse\plugins\org.apache.ant_1.10.5.v20190526-1402\lib" />
    <property name="ant.version" value="Apache Ant(TM) version 1.10.5 compiled on July 10 2018" />
    <property name="ant.java.version" value="1.8" />
    <property name="java.vm.vendor" value="Oracle Corporation" />
    <property name="java.vendor.url" value="http://java.oracle.com/" />
    <property name="path.separator" value=";" />
    <property name="java.vm.name" value="Java HotSpot(TM) 64-Bit Server VM" />
    <property name="file.encoding.pkg" value="sun.io" />
    <property name="user.script" value="" />
    <property name="user.country" value="GB" />
    <property name="sun.java.launcher" value="SUN_STANDARD" />
    <property name="sun.os.patch.level" value="" />
    <property name="java.vm.specification.name" value="Java Virtual Machine Specification" />
    <property name="user.dir" value="C:\Users\Admin\eclipse-workspace\LeanFT JavaApp" />
    <property name="lib" value="lib" />
    <property name="java.runtime.version" value="1.8.0_221-b11" />
    <property name="bin" value="build" />
    <property name="java.awt.graphicsenv" value="sun.awt.Win32GraphicsEnvironment" />
    <property name="basedir" value="C:\Users\Admin\eclipse-workspace\LeanFT JavaApp" />
    <property name="java.endorsed.dirs" value="C:\Program Files\Java\jre1.8.0_221\lib\endorsed" />
    <property name="os.arch" value="amd64" />
    <property name="java.io.tmpdir" value="C:\Users\Admin\AppData\Local\Temp\" />
    <property name="ant.core.lib" value="C:\Eclipse\eclipse\plugins\org.apache.ant_1.10.5.v20190526-1402\lib\ant.jar" />
    <property name="line.separator" value="&#xd;&#xa;" />
    <property name="java.vm.specification.vendor" value="Oracle Corporation" />
    <property name="user.variant" value="" />
    <property name="os.name" value="Windows 10" />
    <property name="ant.home" value="C:\Eclipse\eclipse\plugins\org.apache.ant_1.10.5.v20190526-1402" />
    <property name="ant.project.name" value="LeanFT JavaApp" />
    <property name="sun.jnu.encoding" value="Cp1252" />
    <property name="java.library.path" value="C:\Program Files\Java\jre1.8.0_221\bin;C:\WINDOWS\Sun\Java\bin;C:\WINDOWS\system32;C:\WINDOWS;C:/Program Files/Java/jre1.8.0_221/bin/server;C:/Program Files/Java/jre1.8.0_221/bin;C:/Program Files/Java/jre1.8.0_221/lib/amd64;C:\Program Files (x86)\Common Files\Oracle\Java\javapath;C:\WINDOWS\system32;C:\WINDOWS;C:\WINDOWS\System32\Wbem;C:\WINDOWS\System32\WindowsPowerShell\v1.0\;C:\WINDOWS\System32\OpenSSH\;C:\Program Files\nodejs\;C:\Program Files (x86)\Micro Focus\Unified Functional Testing\bin;;C:\Program Files\Docker\Docker\resources\bin;C:\ProgramData\DockerDesktop\version-bin;C:\Users\Admin\AppData\Local\Microsoft\WindowsApps;C:\Users\Admin\AppData\Roaming\npm;C:\Program Files (x86)\Java\jre1.8.0_221\\bin;;C:\Eclipse\eclipse;;C:\Program Files (x86)\Micro Focus\Unified Functional Testing\\bin64;." />
    <property name="src" value="src" />
    <property name="java.class.version" value="52.0" />
    <property name="java.specification.name" value="Java Platform API Specification" />
    <property name="sun.management.compiler" value="HotSpot 64-Bit Tiered Compilers" />
    <property name="output" value="output" />
    <property name="os.version" value="10.0" />
    <property name="ant.file" value="C:\Users\Admin\eclipse-workspace\LeanFT JavaApp\build.xml" />
    <property name="user.home" value="C:\Users\Admin" />
    <property name="user.timezone" value="" />
    <property name="java.awt.printerjob" value="sun.awt.windows.WPrinterJob" />
    <property name="java.specification.version" value="1.8" />
    <property name="file.encoding" value="Cp1252" />
    <property name="java.class.path" value="C:\Users\Admin\eclipse-workspace\LeanFT JavaApp\output\LeanFtTest.jar;C:\Users\Admin\eclipse-workspace\LeanFT JavaApp\output\junit.jar;C:\Users\Admin\eclipse-workspace\LeanFT JavaApp\output\org.hamcrest.core_1.3.0.v20180420-1519.jar;C:\Program Files (x86)\Micro Focus\Unified Functional Testing\SDK\Java\com.hp.lft.common.jar;C:\Program Files (x86)\Micro Focus\Unified Functional Testing\SDK\Java\com.hp.lft.cucumberv1.jar;C:\Program Files (x86)\Micro Focus\Unified Functional Testing\SDK\Java\com.hp.lft.cucumberv4.jar;C:\Program Files (x86)\Micro Focus\Unified Functional Testing\SDK\Java\com.hp.lft.report.jar;C:\Program Files (x86)\Micro Focus\Unified Functional Testing\SDK\Java\com.hp.lft.reportbuilder-standalone.jar;C:\Program Files (x86)\Micro Focus\Unified Functional Testing\SDK\Java\com.hp.lft.sdk-javadoc.jar;C:\Program Files (x86)\Micro Focus\Unified Functional Testing\SDK\Java\com.hp.lft.sdk-standalone.jar;C:\Program Files (x86)\Micro Focus\Unified Functional Testing\SDK\Java\com.hp.lft.unittesting.jar;C:\Program Files (x86)\Micro Focus\Unified Functional Testing\SDK\Java\com.hp.lft.verifications.jar;C:\Program Files (x86)\Micro Focus\Unified Functional Testing\SDK\Java\sv\aopalliance-repackaged-2.5.0-b30.jar;C:\Program Files (x86)\Micro Focus\Unified Functional Testing\SDK\Java\sv\commons-cli-1.2.jar;C:\Program Files (x86)\Micro Focus\Unified Functional Testing\SDK\Java\sv\commons-codec-1.10.jar;C:\Program Files (x86)\Micro Focus\Unified Functional Testing\SDK\Java\sv\commons-collections4-4.1.jar;C:\Program Files (x86)\Micro Focus\Unified Functional Testing\SDK\Java\sv\commons-io-2.4.jar;C:\Program Files (x86)\Micro Focus\Unified Functional Testing\SDK\Java\sv\commons-lang3-3.5.jar;C:\Program Files (x86)\Micro Focus\Unified Functional Testing\SDK\Java\sv\commons-logging-1.1.3.jar;C:\Program Files (x86)\Micro Focus\Unified Functional Testing\SDK\Java\sv\gson-2.8.1.jar;C:\Program Files (x86)\Micro Focus\Unified Functional Testing\SDK\Java\sv\hk2-api-2.5.0-b30.jar;C:\Program Files (x86)\Micro Focus\Unified Functional Testing\SDK\Java\sv\hk2-locator-2.5.0-b30.jar;C:\Program Files (x86)\Micro Focus\Unified Functional Testing\SDK\Java\sv\hk2-utils-2.5.0-b30.jar;C:\Program Files (x86)\Micro Focus\Unified Functional Testing\SDK\Java\sv\hppc-0.7.1.jar;C:\Program Files (x86)\Micro Focus\Unified Functional Testing\SDK\Java\sv\httpasyncclient-4.1.3.jar;C:\Program Files (x86)\Micro Focus\Unified Functional Testing\SDK\Java\sv\httpclient-4.5.3.jar;C:\Program Files (x86)\Micro Focus\Unified Functional Testing\SDK\Java\sv\httpcore-4.4.10.jar;C:\Program Files (x86)\Micro Focus\Unified Functional Testing\SDK\Java\sv\httpcore-nio-4.4.6.jar;C:\Program Files (x86)\Micro Focus\Unified Functional Testing\SDK\Java\sv\httpmime-4.5.6.jar;C:\Program Files (x86)\Micro Focus\Unified Functional Testing\SDK\Java\sv\jackson-annotations-2.9.8.jar;C:\Program Files (x86)\Micro Focus\Unified Functional Testing\SDK\Java\sv\jackson-core-2.9.8.jar;C:\Program Files (x86)\Micro Focus\Unified Functional Testing\SDK\Java\sv\jackson-databind-2.9.8.jar;C:\Program Files (x86)\Micro Focus\Unified Functional Testing\SDK\Java\sv\javassist-3.18.1-GA.jar;C:\Program Files (x86)\Micro Focus\Unified Functional Testing\SDK\Java\sv\javax.annotation-api-1.2.jar;C:\Program Files (x86)\Micro Focus\Unified Functional Testing\SDK\Java\sv\javax.inject-2.5.0-b30.jar;C:\Program Files (x86)\Micro Focus\Unified Functional Testing\SDK\Java\sv\javax.servlet-api-3.1.0.jar;C:\Program Files (x86)\Micro Focus\Unified Functional Testing\SDK\Java\sv\javax.ws.rs-api-2.0.1.jar;C:\Program Files (x86)\Micro Focus\Unified Functional Testing\SDK\Java\sv\jcl-over-slf4j-1.7.25.jar;C:\Program Files (x86)\Micro Focus\Unified Functional Testing\SDK\Java\sv\jersey-common-2.25.jar;C:\Program Files (x86)\Micro Focus\Unified Functional Testing\SDK\Java\sv\jersey-guava-2.25.1.jar;C:\Program Files (x86)\Micro Focus\Unified Functional Testing\SDK\Java\sv\jul-to-slf4j-1.7.25.jar;C:\Program Files (x86)\Micro Focus\Unified Functional Testing\SDK\Java\sv\log4j-api-2.8.2.jar;C:\Program Files (x86)\Micro Focus\Unified Functional Testing\SDK\Java\sv\log4j-core-2.8.2.jar;C:\Program Files (x86)\Micro Focus\Unified Functional Testing\SDK\Java\sv\log4j-slf4j-impl-2.8.2.jar;C:\Program Files (x86)\Micro Focus\Unified Functional Testing\SDK\Java\sv\osgi-resource-locator-1.0.1.jar;C:\Program Files (x86)\Micro Focus\Unified Functional Testing\SDK\Java\sv\slf4j-api-1.7.25.jar;C:\Program Files (x86)\Micro Focus\Unified Functional Testing\SDK\Java\sv\snowflake-1.1.jar;C:\Program Files (x86)\Micro Focus\Unified Functional Testing\SDK\Java\sv\spring-aop-4.3.20.RELEASE.jar;C:\Program Files (x86)\Micro Focus\Unified Functional Testing\SDK\Java\sv\spring-beans-4.3.20.RELEASE.jar;C:\Program Files (x86)\Micro Focus\Unified Functional Testing\SDK\Java\sv\spring-boot-starter-log4j2-1.5.17.RELEASE.jar;C:\Program Files (x86)\Micro Focus\Unified Functional Testing\SDK\Java\sv\spring-context-4.3.20.RELEASE.jar;C:\Program Files (x86)\Micro Focus\Unified Functional Testing\SDK\Java\sv\spring-core-4.3.20.RELEASE.jar;C:\Program Files (x86)\Micro Focus\Unified Functional Testing\SDK\Java\sv\spring-expression-4.3.20.RELEASE.jar;C:\Program Files (x86)\Micro Focus\Unified Functional Testing\SDK\Java\sv\sv-lab-client-all-5.1.0-javadoc.jar;C:\Program Files (x86)\Micro Focus\Unified Functional Testing\SDK\Java\sv\sv-lab-client-all-5.1.0.jar;C:\Eclipse\eclipse\plugins\org.apache.ant_1.10.5.v20190526-1402\lib\ant-launcher.jar;C:\Eclipse\eclipse\plugins\org.apache.ant_1.10.5.v20190526-1402\lib\ant.jar;C:\Eclipse\eclipse\plugins\org.apache.ant_1.10.5.v20190526-1402\lib\ant-junit.jar;C:\Eclipse\eclipse\plugins\org.apache.ant_1.10.5.v20190526-1402\lib\ant-junit4.jar" />
    <property name="user.name" value="Admin" />
    <property name="ant.file.LeanFT JavaApp" value="C:\Users\Admin\eclipse-workspace\LeanFT JavaApp\build.xml" />
    <property name="java.vm.specification.version" value="1.8" />
    <property name="java.home" value="C:\Program Files\Java\jre1.8.0_221" />
    <property name="sun.java.command" value="org.apache.tools.ant.taskdefs.optional.junit.JUnitTestRunner LeanFtTest.test skipNonTests=false filtertrace=true haltOnError=false haltOnFailure=false formatter=org.apache.tools.ant.taskdefs.optional.junit.SummaryJUnitResultFormatter showoutput=true outputtoformatters=true logfailedtests=true threadid=0 logtestlistenerevents=false formatter=org.apache.tools.ant.taskdefs.optional.junit.XMLJUnitResultFormatter,C:\Users\Admin\eclipse-workspace\LeanFT JavaApp\reports\TEST-LeanFtTest.test.xml crashfile=C:\Users\Admin\eclipse-workspace\LeanFT JavaApp\junitvmwatcher5679399331237399580.properties propsfile=C:\Users\Admin\eclipse-workspace\LeanFT JavaApp\junit5259626303335496384.properties" />
    <property name="sun.arch.data.model" value="64" />
    <property name="java.specification.vendor" value="Oracle Corporation" />
    <property name="user.language" value="en" />
    <property name="ant.file.type.LeanFT JavaApp" value="file" />
    <property name="awt.toolkit" value="sun.awt.windows.WToolkit" />
    <property name="java.vm.info" value="mixed mode" />
    <property name="java.version" value="1.8.0_221" />
    <property name="java.ext.dirs" value="C:\Program Files\Java\jre1.8.0_221\lib\ext;C:\WINDOWS\Sun\Java\lib\ext" />
    <property name="sun.boot.class.path" value="C:\Program Files\Java\jre1.8.0_221\lib\resources.jar;C:\Program Files\Java\jre1.8.0_221\lib\rt.jar;C:\Program Files\Java\jre1.8.0_221\lib\sunrsasign.jar;C:\Program Files\Java\jre1.8.0_221\lib\jsse.jar;C:\Program Files\Java\jre1.8.0_221\lib\jce.jar;C:\Program Files\Java\jre1.8.0_221\lib\charsets.jar;C:\Program Files\Java\jre1.8.0_221\lib\jfr.jar;C:\Program Files\Java\jre1.8.0_221\classes;C:\Program Files (x86)\Micro Focus\Unified Functional Testing\bin\java_shared\classes\jasmine.jar" />
    <property name="java.vendor" value="Oracle Corporation" />
    <property name="buildlib" value="buildlib" />
    <property name="file.separator" value="\" />
    <property name="java.vendor.url.bug" value="http://bugreport.sun.com/bugreport/" />
    <property name="sun.cpu.endian" value="little" />
    <property name="sun.io.unicode.encoding" value="UnicodeLittle" />
    <property name="sun.desktop" value="windows" />
    <property name="sun.cpu.isalist" value="amd64" />
  </properties>
  <error message="LeanFtTest.test" type="java.lang.ClassNotFoundException">java.lang.ClassNotFoundException: LeanFtTest.test
	at java.net.URLClassLoader.findClass(Unknown Source)
	at java.lang.ClassLoader.loadClass(Unknown Source)
	at sun.misc.Launcher$AppClassLoader.loadClass(Unknown Source)
	at java.lang.ClassLoader.loadClass(Unknown Source)
	at java.lang.Class.forName0(Native Method)
	at java.lang.Class.forName(Unknown Source)
</error>
  <system-out><![CDATA[]]></system-out>
  <system-err><![CDATA[]]></system-err>
</testsuite>
